Демонстрація роботи класу House:
Будинок на адресі Вулиця Шевченка, 123 з 3 поверхами був успішно збудований.
Додано новий поверх. Загальна кількість поверхів: 4
Додано новий поверх. Загальна кількість поверхів: 5
Іванов Іван був поселений у будинку.
Петров Петро був поселений у будинку.
Адреса будинку: Вулиця Шевченка, 123
Кількість поверхів: 5
Список жильців: Іванов Іван, Петров Петро
Фасад будинку: Звичайний фасад
Фасад будинку був змінений на: Модерністичний фасад
Адреса будинку: Вулиця Шевченка, 123
Кількість поверхів: 5
Список жильців: Іванов Іван, Петров Петро
Фасад будинку: Модерністичний фасад
Іванов Іван був виселений з будинку.
Всі жильці були виселені.
Будинок на адресі Вулиця Шевченка, 123 був знищений.
Будинок не може існувати без поверхів
Новий житель був поселений у будинку.
Адреса будинку: 
Кількість поверхів: 0
Список жильців: Новий житель
Фасад будинку: Модерністичний фасад
